<?xml version="1.0" encoding="UTF-8"?>
<TestRun id="005e91bf-9786-42a5-99c7-1619d07dee27" name="Josefs@JOSEF-PC 2013-04-11 12:54:07" runUser="JOSEF-PC\Josefs" xmlns="http://microsoft.com/schemas/VisualStudio/TeamTest/2010">
  <TestSettings name="Lokal" id="65770dc9-174f-40ea-ab59-740cafac096c">
    <Description>Dies sind die standardmäßigen Testeinstellungen für einen lokalen Testlauf.</Description>
    <Deployment enabled="false" runDeploymentRoot="Josefs_JOSEF-PC 2013-04-11 12_54_07">
      <DeploymentItem filename="C:\Users\Josefs\Documents\Schule\PPM\aquila\trunk\AquilaWCF\AquilaWCF\bin\Debug\AquilaWCF.exe" />
    </Deployment>
    <Execution>
      <TestTypeSpecific />
      <AgentRule name="Execution Agents">
      </AgentRule>
    </Execution>
  </TestSettings>
  <Times creation="2013-04-11T12:54:07.2290159+02:00" queuing="2013-04-11T12:54:07.2410166+02:00" start="2013-04-11T12:54:07.2580176+02:00" finish="2013-04-11T12:54:07.8900537+02:00" />
  <ResultSummary outcome="Completed">
    <Counters total="1" executed="1" passed="1" error="0" failed="0" timeout="0" aborted="0" inconclusive="0" passedButRunAborted="0" notRunnable="0" notExecuted="0" disconnected="0" warning="0" completed="0" inProgress="0" pending="0" />
  </ResultSummary>
  <TestDefinitions>
    <UnitTest name="TestInsertSignal" storage="c:\users\josefs\documents\schule\ppm\aquila\trunk\aquilawcf\wcfaquilatest\bin\debug\wcfaquilatest.dll" id="1ae604f0-76f7-94d1-d081-b25925753fd2">
      <Execution id="6e3d9359-b08c-4883-9fd2-a018ce9c7511" />
      <TestMethod codeBase="C:/Users/Josefs/Documents/Schule/PPM/aquila/trunk/AquilaWCF/WCFAquilaTest/bin/Debug/WCFAquilaTest.DLL" adapterTypeName="Microsoft.VisualStudio.TestTools.TestTypes.Unit.UnitTestAdapter, Microsoft.VisualStudio.QualityTools.Tips.UnitTest.Adapter, Version=10.0.0.0, Culture=neutral, PublicKeyToken=b03f5f7f11d50a3a" className="WCFAquilaTest.QueryHandlerTest, WCFAquilaTest, Version=1.0.0.0, Culture=neutral, PublicKeyToken=null" name="TestInsertSignal" />
    </UnitTest>
  </TestDefinitions>
  <TestLists>
    <TestList name="Nicht in einer Liste enthaltene Ergebnisse" id="8c84fa94-04c1-424b-9868-57a2d4851a1d" />
    <TestList name="Alle geladenen Ergebnisse" id="19431567-8539-422a-85d7-44ee4e166bda" />
  </TestLists>
  <TestEntries>
    <TestEntry testId="1ae604f0-76f7-94d1-d081-b25925753fd2" executionId="6e3d9359-b08c-4883-9fd2-a018ce9c7511" testListId="8c84fa94-04c1-424b-9868-57a2d4851a1d" />
  </TestEntries>
  <Results>
    <UnitTestResult executionId="6e3d9359-b08c-4883-9fd2-a018ce9c7511" testId="1ae604f0-76f7-94d1-d081-b25925753fd2" testName="TestInsertSignal" computerName="JOSEF-PC" duration="00:00:00.3344964" startTime="2013-04-11T12:54:07.2860192+02:00" endTime="2013-04-11T12:54:07.8600520+02:00" testType="13cdc9d9-ddb5-4fa4-a97d-d965ccfc6d4b" outcome="Passed" testListId="8c84fa94-04c1-424b-9868-57a2d4851a1d" relativeResultsDirectory="6e3d9359-b08c-4883-9fd2-a018ce9c7511">
    </UnitTestResult>
  </Results>
</TestRun>